Determining if the pthread_create exist failed with the following output:
Change Dir: /home/james/git-repos/y4/monte-carlo-raytracer/CMakeFiles/CMakeTmp

Run Build Command:"/usr/bin/make" "cmTC_e3ddd/fast"
/usr/bin/make -f CMakeFiles/cmTC_e3ddd.dir/build.make CMakeFiles/cmTC_e3ddd.dir/build
make[1]: Entering directory '/home/james/git-repos/y4/monte-carlo-raytracer/CMakeFiles/CMakeTmp'
Building C object CMakeFiles/cmTC_e3ddd.dir/CheckSymbolExists.c.o
/usr/bin/cc    -o CMakeFiles/cmTC_e3ddd.dir/CheckSymbolExists.c.o   -c /home/james/git-repos/y4/monte-carlo-raytracer/CMakeFiles/CMakeTmp/CheckSymbolExists.c
Linking C executable cmTC_e3ddd
/usr/bin/cmake -E cmake_link_script CMakeFiles/cmTC_e3ddd.dir/link.txt --verbose=1
/usr/bin/cc      CMakeFiles/cmTC_e3ddd.dir/CheckSymbolExists.c.o  -o cmTC_e3ddd 
/usr/bin/ld: CMakeFiles/cmTC_e3ddd.dir/CheckSymbolExists.c.o: in function `main':
CheckSymbolExists.c:(.text+0x1b): undefined reference to `pthread_create'
collect2: error: ld returned 1 exit status
make[1]: *** [CMakeFiles/cmTC_e3ddd.dir/build.make:87: cmTC_e3ddd] Error 1
make[1]: Leaving directory '/home/james/git-repos/y4/monte-carlo-raytracer/CMakeFiles/CMakeTmp'
make: *** [Makefile:121: cmTC_e3ddd/fast] Error 2

File /home/james/git-repos/y4/monte-carlo-raytracer/CMakeFiles/CMakeTmp/CheckSymbolExists.c:
/* */
#include <pthread.h>

int main(int argc, char** argv)
{
  (void)argv;
#ifndef pthread_create
  return ((int*)(&pthread_create))[argc];
#else
  (void)argc;
  return 0;
#endif
}

Determining if the function pthread_create exists in the pthreads failed with the following output:
Change Dir: /home/james/git-repos/y4/monte-carlo-raytracer/CMakeFiles/CMakeTmp

Run Build Command:"/usr/bin/make" "cmTC_a36bc/fast"
/usr/bin/make -f CMakeFiles/cmTC_a36bc.dir/build.make CMakeFiles/cmTC_a36bc.dir/build
make[1]: Entering directory '/home/james/git-repos/y4/monte-carlo-raytracer/CMakeFiles/CMakeTmp'
Building C object CMakeFiles/cmTC_a36bc.dir/CheckFunctionExists.c.o
/usr/bin/cc   -DCHECK_FUNCTION_EXISTS=pthread_create   -o CMakeFiles/cmTC_a36bc.dir/CheckFunctionExists.c.o   -c /usr/share/cmake-3.13/Modules/CheckFunctionExists.c
Linking C executable cmTC_a36bc
/usr/bin/cmake -E cmake_link_script CMakeFiles/cmTC_a36bc.dir/link.txt --verbose=1
/usr/bin/cc  -DCHECK_FUNCTION_EXISTS=pthread_create    CMakeFiles/cmTC_a36bc.dir/CheckFunctionExists.c.o  -o cmTC_a36bc -lpthreads 
/usr/bin/ld: cannot find -lpthreads
collect2: error: ld returned 1 exit status
make[1]: *** [CMakeFiles/cmTC_a36bc.dir/build.make:87: cmTC_a36bc] Error 1
make[1]: Leaving directory '/home/james/git-repos/y4/monte-carlo-raytracer/CMakeFiles/CMakeTmp'
make: *** [Makefile:121: cmTC_a36bc/fast] Error 2


